{
  "RSpec": {
    "coverage": {
      "/Users/k-tanaka/project/market/sakura_market/app/models/delivery_info.rb": [
        1,
        1,
        1,
        1,
        null
      ],
      "/Users/k-tanaka/project/market/sakura_market/app/models/application_record.rb": [
        1,
        1,
        null
      ],
      "/Users/k-tanaka/project/market/sakura_market/app/models/user.rb": [
        1,
        null,
        null,
        1,
        null,
        1,
        1,
        1,
        1,
        null
      ],
      "/Users/k-tanaka/project/market/sakura_market/app/controllers/application_controller.rb": [
        1,
        1,
        null
      ],
      "/Users/k-tanaka/project/market/sakura_market/app/helpers/application_helper.rb": [
        1,
        null
      ],
      "/Users/k-tanaka/project/market/sakura_market/app/helpers/delivery_infos_helper.rb": [
        1,
        null
      ],
      "/Users/k-tanaka/project/market/sakura_market/app/helpers/items_helper.rb": [
        1,
        null
      ],
      "/Users/k-tanaka/project/market/sakura_market/app/helpers/orders_helper.rb": [
        1,
        null
      ],
      "/Users/k-tanaka/project/market/sakura_market/app/helpers/users_helper.rb": [
        1,
        null
      ],
      "/Users/k-tanaka/project/market/sakura_market/app/models/admin_user.rb": [
        1,
        null,
        null,
        1,
        null,
        null
      ],
      "/Users/k-tanaka/project/market/sakura_market/app/admin/admin_user.rb": [
        1,
        1,
        null,
        1,
        0,
        0,
        0,
        0,
        0,
        0,
        0,
        null,
        null,
        1,
        1,
        1,
        1,
        null,
        1,
        0,
        0,
        0,
        0,
        null,
        0,
        null,
        null,
        null
      ],
      "/Users/k-tanaka/project/market/sakura_market/app/admin/dashboard.rb": [
        1,
        null,
        1,
        null,
        1,
        0,
        0,
        0,
        0,
        null,
        null,
        null,
        null,
        null,
        null,
        null,
        null,
        null,
        null,
        null,
        null,
        null,
        null,
        null,
        null,
        null,
        null,
        null,
        null,
        null,
        null,
        null,
        null
      ],
      "/Users/k-tanaka/project/market/sakura_market/app/admin/item.rb": [
        1,
        1,
        null,
        1,
        0,
        0,
        0,
        0,
        0,
        0,
        0,
        null,
        0,
        null,
        null,
        1,
        0,
        0,
        0,
        0,
        null,
        0,
        0,
        0,
        0,
        null,
        null,
        null
      ],
      "/Users/k-tanaka/project/market/sakura_market/app/models/item.rb": [
        1,
        null,
        1,
        null,
        null,
        null,
        1,
        1,
        null
      ],
      "/Users/k-tanaka/project/market/sakura_market/app/admin/user.rb": [
        1,
        1,
        null
      ],
      "/Users/k-tanaka/project/market/sakura_market/app/controllers/items_controller.rb": [
        1,
        1,
        null,
        1,
        0,
        null,
        null,
        1,
        null,
        null,
        1,
        null,
        null,
        1,
        null,
        1,
        3,
        null,
        null,
        null,
        1,
        0,
        null,
        null
      ],
      "/Users/k-tanaka/project/market/sakura_market/app/models/shopping_cart.rb": [
        1,
        1,
        null,
        1,
        0,
        null,
        null,
        1,
        0,
        null,
        null,
        1,
        0,
        null,
        null,
        1,
        0,
        null,
        null,
        1,
        1,
        0,
        0,
        0,
        0,
        0,
        0,
        null,
        0,
        null,
        null,
        null,
        1,
        0,
        null,
        null
      ],
      "/Users/k-tanaka/project/market/sakura_market/app/channels/application_cable/channel.rb": [
        0,
        0,
        0,
        0
      ],
      "/Users/k-tanaka/project/market/sakura_market/app/channels/application_cable/connection.rb": [
        0,
        0,
        0,
        0
      ],
      "/Users/k-tanaka/project/market/sakura_market/app/controllers/delivery_infos_controller.rb": [
        0,
        0,
        0,
        0,
        0,
        0,
        0,
        0,
        0,
        0,
        0,
        0,
        0,
        0,
        0,
        0,
        0,
        0,
        0,
        0,
        0,
        0,
        0,
        0,
        0,
        0,
        0,
        0,
        0,
        0,
        0,
        0,
        0,
        0,
        0,
        0,
        0,
        0,
        0,
        0,
        0,
        0,
        0,
        0,
        0,
        0,
        0,
        0,
        0,
        0,
        0,
        0,
        0,
        0
      ],
      "/Users/k-tanaka/project/market/sakura_market/app/controllers/orders_controller.rb": [
        0,
        0,
        0,
        0,
        0,
        0,
        0,
        0,
        0,
        0,
        0,
        0,
        0,
        0,
        0,
        0,
        0,
        0,
        0,
        0,
        0,
        0,
        0,
        0,
        0,
        0,
        0,
        0,
        0,
        0,
        0,
        0,
        0,
        0,
        0,
        0,
        0,
        0,
        0,
        0
      ],
      "/Users/k-tanaka/project/market/sakura_market/app/controllers/shopping_carts_controller.rb": [
        0,
        0,
        0,
        0,
        0,
        0,
        0,
        0,
        0,
        0,
        0,
        0,
        0,
        0,
        0,
        0,
        0,
        0,
        0,
        0,
        0,
        0,
        0,
        0,
        0,
        0,
        0,
        0,
        0,
        0,
        0,
        0,
        0,
        0,
        0,
        0,
        0,
        0,
        0,
        0,
        0,
        0,
        0,
        0,
        0,
        0
      ],
      "/Users/k-tanaka/project/market/sakura_market/app/controllers/users_controller.rb": [
        0,
        0,
        0,
        0,
        0,
        0,
        0,
        0,
        0,
        0,
        0,
        0,
        0,
        0,
        0,
        0,
        0,
        0,
        0,
        0,
        0,
        0,
        0,
        0,
        0,
        0,
        0,
        0
      ],
      "/Users/k-tanaka/project/market/sakura_market/app/jobs/application_job.rb": [
        0,
        0
      ],
      "/Users/k-tanaka/project/market/sakura_market/app/mailers/application_mailer.rb": [
        0,
        0,
        0,
        0
      ],
      "/Users/k-tanaka/project/market/sakura_market/app/models/ability.rb": [
        0,
        0,
        0,
        0,
        0,
        0,
        0,
        0,
        0,
        0,
        0,
        0,
        0,
        0,
        0,
        0,
        0,
        0,
        0,
        0,
        0,
        0,
        0,
        0,
        0,
        0,
        0,
        0,
        0,
        0,
        0,
        0
      ],
      "/Users/k-tanaka/project/market/sakura_market/app/models/order.rb": [
        0,
        0,
        0,
        0,
        0,
        0,
        0,
        0,
        0,
        0,
        0,
        0,
        0,
        0,
        0,
        0,
        0,
        0,
        0,
        0,
        0,
        0,
        0,
        0,
        0,
        0,
        0,
        0,
        0,
        0,
        0,
        0,
        0,
        0,
        0,
        0,
        0
      ],
      "/Users/k-tanaka/project/market/sakura_market/app/models/order_item.rb": [
        0,
        0,
        0,
        0
      ],
      "/Users/k-tanaka/project/market/sakura_market/app/models/shopping_cart_item.rb": [
        0,
        0,
        0
      ]
    },
    "timestamp": 1500218704
  }
}
